Using pre-set license
Built from '2020.3/staging' branch; Version is '2020.3.4f1 (0abb6314276a) revision 703331'; Using compiler version '192528614'; Build Type 'Release'
OS: 'Windows 10 Home; OS build 19042.1052; Version 2009; 64bit' Language: 'en' Physical Memory: 7864 MB
BatchMode: 1, IsHumanControllingUs: 0, StartBugReporterOnCrash: 0, Is64bit: 1, IsPro: 0

 COMMAND LINE ARGUMENTS:
C:\Users\Cedar\Game Development\Unity Versions\2020.3.4f1\Editor\Unity.exe
-adb2
-batchMode
-noUpm
-name
AssetImportWorker0
-projectPath
C:/Users/Cedar/Game Development/Unity Games/GMTK Game Jam 2021
-logFile
Logs/AssetImportWorker0.log
-srvPort
49694
Successfully changed project path to: C:/Users/Cedar/Game Development/Unity Games/GMTK Game Jam 2021
C:/Users/Cedar/Game Development/Unity Games/GMTK Game Jam 2021
Using Asset Import Pipeline V2.
Refreshing native plugins compatible for Editor in 112.51 ms, found 1 plugins.
Preloading 0 native plugins for Editor in 0.00 ms.
Initialize engine version: 2020.3.4f1 (0abb6314276a)
[Subsystems] Discovering subsystems at path C:/Users/Cedar/Game Development/Unity Versions/2020.3.4f1/Editor/Data/Resources/UnitySubsystems
[Subsystems] Discovering subsystems at path C:/Users/Cedar/Game Development/Unity Games/GMTK Game Jam 2021/Assets
GfxDevice: creating device client; threaded=0
Direct3D:
    Version:  Direct3D 11.0 [level 11.1]
    Renderer: Intel(R) UHD Graphics (ID=0x9b41)
    Vendor:   
    VRAM:     3932 MB
    Driver:   27.20.100.8729
Initialize mono
Mono path[0] = 'C:/Users/Cedar/Game Development/Unity Versions/2020.3.4f1/Editor/Data/Managed'
Mono path[1] = 'C:/Users/Cedar/Game Development/Unity Versions/2020.3.4f1/Editor/Data/MonoBleedingEdge/lib/mono/unityjit'
Mono config path = 'C:/Users/Cedar/Game Development/Unity Versions/2020.3.4f1/Editor/Data/MonoBleedingEdge/etc'
Using monoOptions --debugger-agent=transport=dt_socket,embedding=1,server=y,suspend=n,address=127.0.0.1:56560
Begin MonoManager ReloadAssembly
Registering precompiled unity dll's ...
Register platform support module: C:/Users/Cedar/Game Development/Unity Versions/2020.3.4f1/Editor/Data/PlaybackEngines/WebGLSupport/UnityEditor.WebGL.Extensions.dll
Register platform support module: C:/Users/Cedar/Game Development/Unity Versions/2020.3.4f1/Editor/Data/PlaybackEngines/MacStandaloneSupport/UnityEditor.OSXStandalone.Extensions.dll
Register platform support module: C:/Users/Cedar/Game Development/Unity Versions/2020.3.4f1/Editor/Data/PlaybackEngines/WindowsStandaloneSupport/UnityEditor.WindowsStandalone.Extensions.dll
Registered in 0.006216 seconds.
Native extension for WindowsStandalone target not found
Native extension for OSXStandalone target not found
Native extension for WebGL target not found
Refreshing native plugins compatible for Editor in 104.51 ms, found 1 plugins.
Preloading 0 native plugins for Editor in 0.00 ms.
Mono: successfully reloaded assembly
- Completed reload, in  4.020 seconds
Platform modules already initialized, skipping
Registering precompiled user dll's ...
Registered in 0.003359 seconds.
Begin MonoManager ReloadAssembly
Native extension for WindowsStandalone target not found
Native extension for OSXStandalone target not found
Native extension for WebGL target not found
Refreshing native plugins compatible for Editor in 99.06 ms, found 1 plugins.
Preloading 0 native plugins for Editor in 0.00 ms.
Mono: successfully reloaded assembly
- Completed reload, in  2.949 seconds
Platform modules already initialized, skipping
========================================================================
Worker process is ready to serve import requests
Launched and connected shader compiler UnityShaderCompiler.exe after 0.10 seconds
Refreshing native plugins compatible for Editor in 0.90 ms, found 1 plugins.
Preloading 0 native plugins for Editor in 0.00 ms.
Unloading 1813 Unused Serialized files (Serialized files now loaded: 0)
System memory in use before: 85.2 MB.
System memory in use after: 85.2 MB.

Unloading 21 unused Assets to reduce memory usage. Loaded Objects now: 2260.
Total: 6.475200 ms (FindLiveObjects: 0.483600 ms CreateObjectMapping: 0.200600 ms MarkObjects: 5.544600 ms  DeleteObjects: 0.243800 ms)

========================================================================
Received Import Request.
  path: Assets/Scenes/Level03.unity
  artifactKey: Guid(4131cd2bce700ae42ad3fbde8e077f40) Importer(815301076,1909f56bfc062723c751e8b465ee728b)
Start importing Assets/Scenes/Level03.unity using Guid(4131cd2bce700ae42ad3fbde8e077f40) Importer(815301076,1909f56bfc062723c751e8b465ee728b)  -> (artifact id: 'ccb5eb6edf0afa503836509590481042') in 0.064747 seconds
  Import took 0.075219 seconds .

========================================================================
Received Import Request.
  Time since last request: 2.300740 seconds.
  path: Assets/Scenes/Level02 1.unity
  artifactKey: Guid(ee0bcb8b01a5f5b44a18a99585985b4a) Importer(815301076,1909f56bfc062723c751e8b465ee728b)
Start importing Assets/Scenes/Level02 1.unity using Guid(ee0bcb8b01a5f5b44a18a99585985b4a) Importer(815301076,1909f56bfc062723c751e8b465ee728b)  -> (artifact id: '595d75993ca7fc9e7ed799905e505a7f') in 0.019384 seconds
  Import took 0.028000 seconds .

========================================================================
Received Import Request.
  Time since last request: 0.002688 seconds.
  path: Assets/Scenes/Level02 1.unity
  artifactKey: Guid(ee0bcb8b01a5f5b44a18a99585985b4a) Importer(815301076,1909f56bfc062723c751e8b465ee728b)
Start importing Assets/Scenes/Level02 1.unity using Guid(ee0bcb8b01a5f5b44a18a99585985b4a) Importer(815301076,1909f56bfc062723c751e8b465ee728b)  -> (artifact id: '595d75993ca7fc9e7ed799905e505a7f') in 0.004548 seconds
  Import took 0.010277 seconds .

========================================================================
Received Import Request.
  Time since last request: 9.960481 seconds.
  path: Assets/Scenes/Level04.unity
  artifactKey: Guid(ee0bcb8b01a5f5b44a18a99585985b4a) Importer(815301076,1909f56bfc062723c751e8b465ee728b)
Start importing Assets/Scenes/Level04.unity using Guid(ee0bcb8b01a5f5b44a18a99585985b4a) Importer(815301076,1909f56bfc062723c751e8b465ee728b)  -> (artifact id: 'e0151f8d2c1cfacee1ebf1428eb1d868') in 0.024922 seconds
  Import took 0.032771 seconds .

========================================================================
Received Prepare
Registering precompiled user dll's ...
Registered in 0.001940 seconds.
Begin MonoManager ReloadAssembly
Native extension for WindowsStandalone target not found
Native extension for OSXStandalone target not found
Native extension for WebGL target not found
Refreshing native plugins compatible for Editor in 0.54 ms, found 1 plugins.
Preloading 0 native plugins for Editor in 0.00 ms.
Mono: successfully reloaded assembly
- Completed reload, in  1.436 seconds
Platform modules already initialized, skipping
Refreshing native plugins compatible for Editor in 0.52 ms, found 1 plugins.
Preloading 0 native plugins for Editor in 0.00 ms.
Unloading 1805 Unused Serialized files (Serialized files now loaded: 0)
System memory in use before: 84.8 MB.
System memory in use after: 84.9 MB.

Unloading 9 unused Assets to reduce memory usage. Loaded Objects now: 2264.
Total: 3.491700 ms (FindLiveObjects: 0.311600 ms CreateObjectMapping: 0.104700 ms MarkObjects: 2.971200 ms  DeleteObjects: 0.102700 ms)

========================================================================
Received Prepare
Registering precompiled user dll's ...
Registered in 0.001885 seconds.
Begin MonoManager ReloadAssembly
Native extension for WindowsStandalone target not found
Native extension for OSXStandalone target not found
Native extension for WebGL target not found
Refreshing native plugins compatible for Editor in 0.53 ms, found 1 plugins.
Preloading 0 native plugins for Editor in 0.00 ms.
Mono: successfully reloaded assembly
- Completed reload, in  1.550 seconds
Platform modules already initialized, skipping
Refreshing native plugins compatible for Editor in 0.52 ms, found 1 plugins.
Preloading 0 native plugins for Editor in 0.00 ms.
Unloading 1805 Unused Serialized files (Serialized files now loaded: 0)
System memory in use before: 84.9 MB.
System memory in use after: 84.9 MB.

Unloading 9 unused Assets to reduce memory usage. Loaded Objects now: 2268.
Total: 3.280000 ms (FindLiveObjects: 0.270900 ms CreateObjectMapping: 0.144400 ms MarkObjects: 2.760900 ms  DeleteObjects: 0.102300 ms)

========================================================================
Received Prepare
Registering precompiled user dll's ...
Registered in 0.001636 seconds.
Begin MonoManager ReloadAssembly
Native extension for WindowsStandalone target not found
Native extension for OSXStandalone target not found
Native extension for WebGL target not found
Refreshing native plugins compatible for Editor in 0.76 ms, found 1 plugins.
Preloading 0 native plugins for Editor in 0.00 ms.
Mono: successfully reloaded assembly
- Completed reload, in  2.719 seconds
Platform modules already initialized, skipping
Refreshing native plugins compatible for Editor in 1.02 ms, found 1 plugins.
Preloading 0 native plugins for Editor in 0.00 ms.
Unloading 1805 Unused Serialized files (Serialized files now loaded: 0)
System memory in use before: 84.9 MB.
System memory in use after: 85.0 MB.

Unloading 9 unused Assets to reduce memory usage. Loaded Objects now: 2272.
Total: 7.718300 ms (FindLiveObjects: 0.552500 ms CreateObjectMapping: 0.445500 ms MarkObjects: 6.491000 ms  DeleteObjects: 0.225600 ms)

========================================================================
Received Import Request.
  Time since last request: 377.803767 seconds.
  path: Assets/Scenes/Level04 1.unity
  artifactKey: Guid(7d7051ce41af4bd40b94cd3e3cf1569d) Importer(815301076,1909f56bfc062723c751e8b465ee728b)
Start importing Assets/Scenes/Level04 1.unity using Guid(7d7051ce41af4bd40b94cd3e3cf1569d) Importer(815301076,1909f56bfc062723c751e8b465ee728b)  -> (artifact id: '705ea78f18512cf0f24bd49c80c80f8f') in 0.062251 seconds
  Import took 0.073332 seconds .

========================================================================
Received Import Request.
  Time since last request: 7.051230 seconds.
  path: Assets/Scenes/Level05.unity
  artifactKey: Guid(7d7051ce41af4bd40b94cd3e3cf1569d) Importer(815301076,1909f56bfc062723c751e8b465ee728b)
Start importing Assets/Scenes/Level05.unity using Guid(7d7051ce41af4bd40b94cd3e3cf1569d) Importer(815301076,1909f56bfc062723c751e8b465ee728b)  -> (artifact id: 'ec73c8910e7272e019982f1338c5d8f2') in 0.017078 seconds
  Import took 0.034689 seconds .

========================================================================
Received Prepare
Registering precompiled user dll's ...
Registered in 0.001470 seconds.
Begin MonoManager ReloadAssembly
Native extension for WindowsStandalone target not found
Native extension for OSXStandalone target not found
Native extension for WebGL target not found
Refreshing native plugins compatible for Editor in 0.54 ms, found 1 plugins.
Preloading 0 native plugins for Editor in 0.00 ms.
Mono: successfully reloaded assembly
- Completed reload, in  1.543 seconds
Platform modules already initialized, skipping
Refreshing native plugins compatible for Editor in 0.54 ms, found 1 plugins.
Preloading 0 native plugins for Editor in 0.00 ms.
Unloading 1805 Unused Serialized files (Serialized files now loaded: 0)
System memory in use before: 84.9 MB.
System memory in use after: 85.0 MB.

Unloading 9 unused Assets to reduce memory usage. Loaded Objects now: 2276.
Total: 3.382300 ms (FindLiveObjects: 0.295000 ms CreateObjectMapping: 0.111900 ms MarkObjects: 2.866400 ms  DeleteObjects: 0.107400 ms)

========================================================================
Received Prepare
Registering precompiled user dll's ...
Registered in 0.001475 seconds.
Begin MonoManager ReloadAssembly
Native extension for WindowsStandalone target not found
Native extension for OSXStandalone target not found
Native extension for WebGL target not found
Refreshing native plugins compatible for Editor in 0.69 ms, found 1 plugins.
Preloading 0 native plugins for Editor in 0.00 ms.
Mono: successfully reloaded assembly
- Completed reload, in  1.560 seconds
Platform modules already initialized, skipping
Refreshing native plugins compatible for Editor in 0.52 ms, found 1 plugins.
Preloading 0 native plugins for Editor in 0.00 ms.
Unloading 1805 Unused Serialized files (Serialized files now loaded: 0)
System memory in use before: 84.9 MB.
System memory in use after: 85.0 MB.

Unloading 9 unused Assets to reduce memory usage. Loaded Objects now: 2280.
Total: 3.233200 ms (FindLiveObjects: 0.289200 ms CreateObjectMapping: 0.117900 ms MarkObjects: 2.719800 ms  DeleteObjects: 0.105000 ms)

========================================================================
Received Prepare
Registering precompiled user dll's ...
Registered in 0.001473 seconds.
Begin MonoManager ReloadAssembly
Native extension for WindowsStandalone target not found
Native extension for OSXStandalone target not found
Native extension for WebGL target not found
Refreshing native plugins compatible for Editor in 0.55 ms, found 1 plugins.
Preloading 0 native plugins for Editor in 0.00 ms.
Mono: successfully reloaded assembly
- Completed reload, in  1.556 seconds
Platform modules already initialized, skipping
Refreshing native plugins compatible for Editor in 0.55 ms, found 1 plugins.
Preloading 0 native plugins for Editor in 0.00 ms.
Unloading 1805 Unused Serialized files (Serialized files now loaded: 0)
System memory in use before: 84.9 MB.
System memory in use after: 85.0 MB.

Unloading 9 unused Assets to reduce memory usage. Loaded Objects now: 2284.
Total: 3.476400 ms (FindLiveObjects: 0.285200 ms CreateObjectMapping: 0.106500 ms MarkObjects: 2.969500 ms  DeleteObjects: 0.113700 ms)

========================================================================
Received Prepare
Registering precompiled user dll's ...
Registered in 0.001458 seconds.
Begin MonoManager ReloadAssembly
Native extension for WindowsStandalone target not found
Native extension for OSXStandalone target not found
Native extension for WebGL target not found
Refreshing native plugins compatible for Editor in 0.53 ms, found 1 plugins.
Preloading 0 native plugins for Editor in 0.00 ms.
Mono: successfully reloaded assembly
- Completed reload, in  1.471 seconds
Platform modules already initialized, skipping
Refreshing native plugins compatible for Editor in 0.59 ms, found 1 plugins.
Preloading 0 native plugins for Editor in 0.00 ms.
Unloading 1805 Unused Serialized files (Serialized files now loaded: 0)
System memory in use before: 84.9 MB.
System memory in use after: 85.0 MB.

Unloading 9 unused Assets to reduce memory usage. Loaded Objects now: 2288.
Total: 3.557900 ms (FindLiveObjects: 0.263900 ms CreateObjectMapping: 0.103500 ms MarkObjects: 3.084800 ms  DeleteObjects: 0.104100 ms)

========================================================================
Received Prepare
Registering precompiled user dll's ...
Registered in 0.001457 seconds.
Begin MonoManager ReloadAssembly
Native extension for WindowsStandalone target not found
Native extension for OSXStandalone target not found
Native extension for WebGL target not found
Refreshing native plugins compatible for Editor in 0.54 ms, found 1 plugins.
Preloading 0 native plugins for Editor in 0.00 ms.
Mono: successfully reloaded assembly
- Completed reload, in  1.464 seconds
Platform modules already initialized, skipping
Refreshing native plugins compatible for Editor in 0.54 ms, found 1 plugins.
Preloading 0 native plugins for Editor in 0.00 ms.
Unloading 1805 Unused Serialized files (Serialized files now loaded: 0)
System memory in use before: 85.0 MB.
System memory in use after: 85.0 MB.

Unloading 9 unused Assets to reduce memory usage. Loaded Objects now: 2292.
Total: 3.786200 ms (FindLiveObjects: 0.337500 ms CreateObjectMapping: 0.171400 ms MarkObjects: 3.167700 ms  DeleteObjects: 0.107700 ms)

========================================================================
Received Prepare
Registering precompiled user dll's ...
Registered in 0.001443 seconds.
Begin MonoManager ReloadAssembly
Native extension for WindowsStandalone target not found
Native extension for OSXStandalone target not found
Native extension for WebGL target not found
Refreshing native plugins compatible for Editor in 0.54 ms, found 1 plugins.
Preloading 0 native plugins for Editor in 0.00 ms.
Mono: successfully reloaded assembly
- Completed reload, in  1.605 seconds
Platform modules already initialized, skipping
Refreshing native plugins compatible for Editor in 0.53 ms, found 1 plugins.
Preloading 0 native plugins for Editor in 0.00 ms.
Unloading 1805 Unused Serialized files (Serialized files now loaded: 0)
System memory in use before: 85.0 MB.
System memory in use after: 85.0 MB.

Unloading 9 unused Assets to reduce memory usage. Loaded Objects now: 2296.
Total: 3.470600 ms (FindLiveObjects: 0.297900 ms CreateObjectMapping: 0.108300 ms MarkObjects: 2.957200 ms  DeleteObjects: 0.105600 ms)

========================================================================
Received Prepare
Registering precompiled user dll's ...
Registered in 0.001914 seconds.
Begin MonoManager ReloadAssembly
Native extension for WindowsStandalone target not found
Native extension for OSXStandalone target not found
Native extension for WebGL target not found
Refreshing native plugins compatible for Editor in 0.54 ms, found 1 plugins.
Preloading 0 native plugins for Editor in 0.00 ms.
Mono: successfully reloaded assembly
- Completed reload, in  1.517 seconds
Platform modules already initialized, skipping
Refreshing native plugins compatible for Editor in 0.64 ms, found 1 plugins.
Preloading 0 native plugins for Editor in 0.00 ms.
Unloading 1805 Unused Serialized files (Serialized files now loaded: 0)
System memory in use before: 85.0 MB.
System memory in use after: 85.0 MB.

Unloading 9 unused Assets to reduce memory usage. Loaded Objects now: 2300.
Total: 3.522500 ms (FindLiveObjects: 0.299900 ms CreateObjectMapping: 0.112500 ms MarkObjects: 2.994800 ms  DeleteObjects: 0.113600 ms)

========================================================================
Received Prepare
Registering precompiled user dll's ...
Registered in 0.001114 seconds.
Begin MonoManager ReloadAssembly
Native extension for WindowsStandalone target not found
Native extension for OSXStandalone target not found
Native extension for WebGL target not found
Refreshing native plugins compatible for Editor in 0.54 ms, found 1 plugins.
Preloading 0 native plugins for Editor in 0.00 ms.
Mono: successfully reloaded assembly
- Completed reload, in  1.598 seconds
Platform modules already initialized, skipping
Refreshing native plugins compatible for Editor in 0.54 ms, found 1 plugins.
Preloading 0 native plugins for Editor in 0.00 ms.
Unloading 1805 Unused Serialized files (Serialized files now loaded: 0)
System memory in use before: 85.0 MB.
System memory in use after: 85.1 MB.

Unloading 9 unused Assets to reduce memory usage. Loaded Objects now: 2304.
Total: 3.057200 ms (FindLiveObjects: 0.270600 ms CreateObjectMapping: 0.113300 ms MarkObjects: 2.574700 ms  DeleteObjects: 0.097100 ms)

========================================================================
Received Prepare
Registering precompiled user dll's ...
Registered in 0.001460 seconds.
Begin MonoManager ReloadAssembly
Native extension for WindowsStandalone target not found
Native extension for OSXStandalone target not found
Native extension for WebGL target not found
Refreshing native plugins compatible for Editor in 0.78 ms, found 1 plugins.
Preloading 0 native plugins for Editor in 0.00 ms.
Mono: successfully reloaded assembly
- Completed reload, in  2.545 seconds
Platform modules already initialized, skipping
Refreshing native plugins compatible for Editor in 0.72 ms, found 1 plugins.
Preloading 0 native plugins for Editor in 0.00 ms.
Unloading 1805 Unused Serialized files (Serialized files now loaded: 0)
System memory in use before: 85.0 MB.
System memory in use after: 85.1 MB.

Unloading 9 unused Assets to reduce memory usage. Loaded Objects now: 2308.
Total: 6.925900 ms (FindLiveObjects: 0.438200 ms CreateObjectMapping: 0.187400 ms MarkObjects: 6.114300 ms  DeleteObjects: 0.182300 ms)

========================================================================
Received Prepare
Registering precompiled user dll's ...
Registered in 0.001409 seconds.
Begin MonoManager ReloadAssembly
Native extension for WindowsStandalone target not found
Native extension for OSXStandalone target not found
Native extension for WebGL target not found
Refreshing native plugins compatible for Editor in 0.69 ms, found 1 plugins.
Preloading 0 native plugins for Editor in 0.00 ms.
Mono: successfully reloaded assembly
- Completed reload, in  2.586 seconds
Platform modules already initialized, skipping
Refreshing native plugins compatible for Editor in 0.90 ms, found 1 plugins.
Preloading 0 native plugins for Editor in 0.00 ms.
Unloading 1805 Unused Serialized files (Serialized files now loaded: 0)
System memory in use before: 85.0 MB.
System memory in use after: 85.1 MB.

Unloading 9 unused Assets to reduce memory usage. Loaded Objects now: 2312.
Total: 6.199200 ms (FindLiveObjects: 0.417000 ms CreateObjectMapping: 0.206300 ms MarkObjects: 5.369600 ms  DeleteObjects: 0.202700 ms)

========================================================================
Received Prepare
Registering precompiled user dll's ...
Registered in 0.001859 seconds.
Begin MonoManager ReloadAssembly
Native extension for WindowsStandalone target not found
Native extension for OSXStandalone target not found
Native extension for WebGL target not found
Refreshing native plugins compatible for Editor in 1.23 ms, found 1 plugins.
Preloading 0 native plugins for Editor in 0.00 ms.
Mono: successfully reloaded assembly
- Completed reload, in  2.904 seconds
Platform modules already initialized, skipping
Refreshing native plugins compatible for Editor in 1.18 ms, found 1 plugins.
Preloading 0 native plugins for Editor in 0.00 ms.
Unloading 1806 Unused Serialized files (Serialized files now loaded: 0)
System memory in use before: 85.0 MB.
System memory in use after: 85.1 MB.

Unloading 9 unused Assets to reduce memory usage. Loaded Objects now: 2317.
Total: 6.328300 ms (FindLiveObjects: 0.451200 ms CreateObjectMapping: 0.267000 ms MarkObjects: 5.411900 ms  DeleteObjects: 0.194800 ms)

========================================================================
Received Prepare
Registering precompiled user dll's ...
Registered in 0.002561 seconds.
Begin MonoManager ReloadAssembly
Native extension for WindowsStandalone target not found
Native extension for OSXStandalone target not found
Native extension for WebGL target not found
Refreshing native plugins compatible for Editor in 0.91 ms, found 1 plugins.
Preloading 0 native plugins for Editor in 0.00 ms.
Mono: successfully reloaded assembly
- Completed reload, in  2.452 seconds
Platform modules already initialized, skipping
Refreshing native plugins compatible for Editor in 0.60 ms, found 1 plugins.
Preloading 0 native plugins for Editor in 0.00 ms.
Unloading 1806 Unused Serialized files (Serialized files now loaded: 0)
System memory in use before: 85.0 MB.
System memory in use after: 85.1 MB.

Unloading 9 unused Assets to reduce memory usage. Loaded Objects now: 2321.
Total: 4.692300 ms (FindLiveObjects: 0.370100 ms CreateObjectMapping: 0.159000 ms MarkObjects: 4.018400 ms  DeleteObjects: 0.142600 ms)

========================================================================
Received Prepare
Registering precompiled user dll's ...
Registered in 0.001631 seconds.
Begin MonoManager ReloadAssembly
Native extension for WindowsStandalone target not found
Native extension for OSXStandalone target not found
Native extension for WebGL target not found
Refreshing native plugins compatible for Editor in 1.09 ms, found 1 plugins.
Preloading 0 native plugins for Editor in 0.00 ms.
Mono: successfully reloaded assembly
- Completed reload, in  2.638 seconds
Platform modules already initialized, skipping
Refreshing native plugins compatible for Editor in 0.92 ms, found 1 plugins.
Preloading 0 native plugins for Editor in 0.00 ms.
Unloading 1806 Unused Serialized files (Serialized files now loaded: 0)
System memory in use before: 85.1 MB.
System memory in use after: 85.1 MB.

Unloading 9 unused Assets to reduce memory usage. Loaded Objects now: 2325.
Total: 5.797600 ms (FindLiveObjects: 0.588700 ms CreateObjectMapping: 0.226500 ms MarkObjects: 4.783400 ms  DeleteObjects: 0.195700 ms)

========================================================================
Received Import Request.
  Time since last request: 1942.255841 seconds.
  path: Assets/Prefabs/Players.prefab
  artifactKey: Guid(cb910f9ab6888cc43b4d4de83af78500) Importer(815301076,1909f56bfc062723c751e8b465ee728b)
Start importing Assets/Prefabs/Players.prefab using Guid(cb910f9ab6888cc43b4d4de83af78500) Importer(815301076,1909f56bfc062723c751e8b465ee728b)  -> (artifact id: '8b95600322fec421e21ad52afac9c9ff') in 0.421818 seconds
  Import took 0.439833 seconds .

========================================================================
Received Import Request.
  Time since last request: 0.000803 seconds.
  path: Assets/Prefabs/SceneController.prefab
  artifactKey: Guid(e5ab09f3138a85441ac3b0370087858b) Importer(815301076,1909f56bfc062723c751e8b465ee728b)
Start importing Assets/Prefabs/SceneController.prefab using Guid(e5ab09f3138a85441ac3b0370087858b) Importer(815301076,1909f56bfc062723c751e8b465ee728b)  -> (artifact id: '6794365bd3e2ba41324921ee14b9895e') in 0.122933 seconds
  Import took 0.137165 seconds .

========================================================================
Received Import Request.
  Time since last request: 14.497247 seconds.
  path: Assets/Scenes/Level05.unity
  artifactKey: Guid(7d7051ce41af4bd40b94cd3e3cf1569d) Importer(815301076,1909f56bfc062723c751e8b465ee728b)
Start importing Assets/Scenes/Level05.unity using Guid(7d7051ce41af4bd40b94cd3e3cf1569d) Importer(815301076,1909f56bfc062723c751e8b465ee728b)  -> (artifact id: '74ea161d5f6700cbfbd35da6b3986159') in 0.009743 seconds
  Import took 0.021372 seconds .

========================================================================
Received Import Request.
  Time since last request: 42.520224 seconds.
  path: Assets/Scenes/Level02.unity
  artifactKey: Guid(75db9c7f62850dd428b711627a1f01e3) Importer(815301076,1909f56bfc062723c751e8b465ee728b)
Start importing Assets/Scenes/Level02.unity using Guid(75db9c7f62850dd428b711627a1f01e3) Importer(815301076,1909f56bfc062723c751e8b465ee728b)  -> (artifact id: '08b246b0b940a7fee4f14eeae814fb94') in 0.028348 seconds
  Import took 0.039864 seconds .

========================================================================
Received Import Request.
  Time since last request: 14.543002 seconds.
  path: Assets/Scenes/Level02.unity
  artifactKey: Guid(75db9c7f62850dd428b711627a1f01e3) Importer(815301076,1909f56bfc062723c751e8b465ee728b)
Start importing Assets/Scenes/Level02.unity using Guid(75db9c7f62850dd428b711627a1f01e3) Importer(815301076,1909f56bfc062723c751e8b465ee728b)  -> (artifact id: 'cda91e9bef3a60ba3c3fdf7af7ad57df') in 0.011648 seconds
  Import took 0.024639 seconds .

========================================================================
Received Import Request.
  Time since last request: 3.279053 seconds.
  path: Assets/Scenes/Level06.unity
  artifactKey: Guid(4cd75a12c8167434e9656ba6efd3dd21) Importer(815301076,1909f56bfc062723c751e8b465ee728b)
Start importing Assets/Scenes/Level06.unity using Guid(4cd75a12c8167434e9656ba6efd3dd21) Importer(815301076,1909f56bfc062723c751e8b465ee728b)  -> (artifact id: '0c94d9f0ac66ff9a1ddb697863ad8efe') in 0.043660 seconds
  Import took 0.055606 seconds .

========================================================================
Received Prepare
Registering precompiled user dll's ...
Registered in 0.001571 seconds.
Begin MonoManager ReloadAssembly
Native extension for WindowsStandalone target not found
Native extension for OSXStandalone target not found
Native extension for WebGL target not found
Refreshing native plugins compatible for Editor in 0.71 ms, found 1 plugins.
Preloading 0 native plugins for Editor in 0.00 ms.
Mono: successfully reloaded assembly
- Completed reload, in  2.354 seconds
Platform modules already initialized, skipping
Refreshing native plugins compatible for Editor in 1.32 ms, found 1 plugins.
Preloading 0 native plugins for Editor in 0.00 ms.
Unloading 1806 Unused Serialized files (Serialized files now loaded: 0)
System memory in use before: 88.2 MB.
System memory in use after: 88.3 MB.

Unloading 11 unused Assets to reduce memory usage. Loaded Objects now: 2336.
Total: 4.808200 ms (FindLiveObjects: 0.331900 ms CreateObjectMapping: 0.122400 ms MarkObjects: 4.168300 ms  DeleteObjects: 0.183300 ms)

========================================================================
Received Prepare
Refreshing native plugins compatible for Editor in 2.87 ms, found 1 plugins.
Preloading 0 native plugins for Editor in 0.00 ms.
Unloading 7 Unused Serialized files (Serialized files now loaded: 0)
System memory in use before: 52.6 MB.
System memory in use after: 52.7 MB.

Unloading 7 unused Assets to reduce memory usage. Loaded Objects now: 2336.
Total: 3.859100 ms (FindLiveObjects: 0.449800 ms CreateObjectMapping: 0.141900 ms MarkObjects: 3.168500 ms  DeleteObjects: 0.096000 ms)

========================================================================
Received Prepare
Refreshing native plugins compatible for Editor in 3.36 ms, found 1 plugins.
Preloading 0 native plugins for Editor in 0.00 ms.
Unloading 7 Unused Serialized files (Serialized files now loaded: 0)
System memory in use before: 52.6 MB.
System memory in use after: 52.7 MB.

Unloading 7 unused Assets to reduce memory usage. Loaded Objects now: 2336.
Total: 4.785300 ms (FindLiveObjects: 0.571500 ms CreateObjectMapping: 0.274700 ms MarkObjects: 3.789800 ms  DeleteObjects: 0.138700 ms)

========================================================================
Received Import Request.
  Time since last request: 407.856102 seconds.
  path: Assets/Scenes/Jump.wav
  artifactKey: Guid(f17498c01ff358b479e2651adff32973) Importer(815301076,1909f56bfc062723c751e8b465ee728b)
Start importing Assets/Scenes/Jump.wav using Guid(f17498c01ff358b479e2651adff32973) Importer(815301076,1909f56bfc062723c751e8b465ee728b)  -> (artifact id: '34a844061a620cecfa0cfa6cd2e67f58') in 0.357059 seconds
  Import took 0.370590 seconds .

========================================================================
Received Import Request.
  Time since last request: 4.046506 seconds.
  path: Assets/pxlxxl.ttf
  artifactKey: Guid(717e73a58f3888342855505c9deabc0c) Importer(815301076,1909f56bfc062723c751e8b465ee728b)
Start importing Assets/pxlxxl.ttf using Guid(717e73a58f3888342855505c9deabc0c) Importer(815301076,1909f56bfc062723c751e8b465ee728b)  -> (artifact id: 'f79de5f208abf6f811dcfaf71fd24f9b') in 0.163864 seconds
  Import took 0.173649 seconds .

========================================================================
Received Import Request.
  Time since last request: 0.000485 seconds.
  path: Assets/Square.png
  artifactKey: Guid(1c5100618563e4b409f5546071bf9d46) Importer(815301076,1909f56bfc062723c751e8b465ee728b)
Start importing Assets/Square.png using Guid(1c5100618563e4b409f5546071bf9d46) Importer(815301076,1909f56bfc062723c751e8b465ee728b)  -> (artifact id: 'b2bffaf16d6d0b304b2de434877687c8') in 0.099167 seconds
  Import took 0.107738 seconds .

========================================================================
Received Prepare
Registering precompiled user dll's ...
Registered in 0.001558 seconds.
Begin MonoManager ReloadAssembly
Native extension for WindowsStandalone target not found
Native extension for OSXStandalone target not found
Native extension for WebGL target not found
Refreshing native plugins compatible for Editor in 0.95 ms, found 1 plugins.
Preloading 0 native plugins for Editor in 0.00 ms.
Mono: successfully reloaded assembly
- Completed reload, in  2.368 seconds
Platform modules already initialized, skipping
Refreshing native plugins compatible for Editor in 0.90 ms, found 1 plugins.
Preloading 0 native plugins for Editor in 0.00 ms.
Unloading 1806 Unused Serialized files (Serialized files now loaded: 0)
System memory in use before: 88.6 MB.
System memory in use after: 88.7 MB.

Unloading 9 unused Assets to reduce memory usage. Loaded Objects now: 2382.
Total: 4.488000 ms (FindLiveObjects: 0.329700 ms CreateObjectMapping: 0.130500 ms MarkObjects: 3.899000 ms  DeleteObjects: 0.126400 ms)

========================================================================
Received Prepare
Registering precompiled user dll's ...
Registered in 0.001567 seconds.
Begin MonoManager ReloadAssembly
Native extension for WindowsStandalone target not found
Native extension for OSXStandalone target not found
Native extension for WebGL target not found
Refreshing native plugins compatible for Editor in 1.04 ms, found 1 plugins.
Preloading 0 native plugins for Editor in 0.00 ms.
Mono: successfully reloaded assembly
- Completed reload, in  3.022 seconds
Platform modules already initialized, skipping
Refreshing native plugins compatible for Editor in 1.00 ms, found 1 plugins.
Preloading 0 native plugins for Editor in 0.00 ms.
Unloading 1806 Unused Serialized files (Serialized files now loaded: 0)
System memory in use before: 88.6 MB.
System memory in use after: 88.7 MB.

Unloading 9 unused Assets to reduce memory usage. Loaded Objects now: 2386.
Total: 6.829500 ms (FindLiveObjects: 0.520900 ms CreateObjectMapping: 0.337500 ms MarkObjects: 5.757400 ms  DeleteObjects: 0.210700 ms)

========================================================================
Received Import Request.
  Time since last request: 465.277337 seconds.
  path: Assets/Scenes/Level05.unity
  artifactKey: Guid(7d7051ce41af4bd40b94cd3e3cf1569d) Importer(815301076,1909f56bfc062723c751e8b465ee728b)
Start importing Assets/Scenes/Level05.unity using Guid(7d7051ce41af4bd40b94cd3e3cf1569d) Importer(815301076,1909f56bfc062723c751e8b465ee728b)  -> (artifact id: '8f6fd8155aa3f18643e6c4f59c892214') in 0.057005 seconds
  Import took 0.067457 seconds .

========================================================================
Received Import Request.
  Time since last request: 3.321266 seconds.
  path: Assets/Scenes/Level04.unity
  artifactKey: Guid(ee0bcb8b01a5f5b44a18a99585985b4a) Importer(815301076,1909f56bfc062723c751e8b465ee728b)
Start importing Assets/Scenes/Level04.unity using Guid(ee0bcb8b01a5f5b44a18a99585985b4a) Importer(815301076,1909f56bfc062723c751e8b465ee728b)  -> (artifact id: '7b2ee5515c9d0f5e270238e194dc14b4') in 0.033265 seconds
  Import took 0.047176 seconds .

========================================================================
Received Import Request.
  Time since last request: 4.271293 seconds.
  path: Assets/Scenes/Level03.unity
  artifactKey: Guid(4131cd2bce700ae42ad3fbde8e077f40) Importer(815301076,1909f56bfc062723c751e8b465ee728b)
Start importing Assets/Scenes/Level03.unity using Guid(4131cd2bce700ae42ad3fbde8e077f40) Importer(815301076,1909f56bfc062723c751e8b465ee728b)  -> (artifact id: '40f1fc158fcce9a30c87636f66259aab') in 0.033112 seconds
  Import took 0.054137 seconds .

========================================================================
Received Import Request.
  Time since last request: 3.152400 seconds.
  path: Assets/Scenes/Level06.unity
  artifactKey: Guid(4cd75a12c8167434e9656ba6efd3dd21) Importer(815301076,1909f56bfc062723c751e8b465ee728b)
Start importing Assets/Scenes/Level06.unity using Guid(4cd75a12c8167434e9656ba6efd3dd21) Importer(815301076,1909f56bfc062723c751e8b465ee728b)  -> (artifact id: 'eca43d765aed842440c1fab58ded9917') in 0.036548 seconds
  Import took 0.048661 seconds .

========================================================================
Received Import Request.
  Time since last request: 70.118816 seconds.
  path: Assets/Scripts/Spikes.cs
  artifactKey: Guid(680a4e533fc59e149a44766fda9c47b6) Importer(815301076,1909f56bfc062723c751e8b465ee728b)
Start importing Assets/Scripts/Spikes.cs using Guid(680a4e533fc59e149a44766fda9c47b6) Importer(815301076,1909f56bfc062723c751e8b465ee728b)  -> (artifact id: 'ca4d0ef4070c9b7d7b4ad1d84fa3f281') in 0.045190 seconds
  Import took 0.051608 seconds .

========================================================================
Received Prepare
Registering precompiled user dll's ...
Registered in 0.001503 seconds.
Begin MonoManager ReloadAssembly
Native extension for WindowsStandalone target not found
Native extension for OSXStandalone target not found
Native extension for WebGL target not found
Refreshing native plugins compatible for Editor in 0.68 ms, found 1 plugins.
Preloading 0 native plugins for Editor in 0.00 ms.
Mono: successfully reloaded assembly
- Completed reload, in  3.428 seconds
Platform modules already initialized, skipping
Refreshing native plugins compatible for Editor in 0.83 ms, found 1 plugins.
Preloading 0 native plugins for Editor in 0.00 ms.
Unloading 1807 Unused Serialized files (Serialized files now loaded: 0)
System memory in use before: 88.7 MB.
System memory in use after: 88.7 MB.

Unloading 9 unused Assets to reduce memory usage. Loaded Objects now: 2391.
Total: 4.186300 ms (FindLiveObjects: 0.357600 ms CreateObjectMapping: 0.125700 ms MarkObjects: 3.553900 ms  DeleteObjects: 0.147000 ms)

========================================================================
Received Prepare
Registering precompiled user dll's ...
Registered in 0.002697 seconds.
Begin MonoManager ReloadAssembly
Native extension for WindowsStandalone target not found
Native extension for OSXStandalone target not found
Native extension for WebGL target not found
Refreshing native plugins compatible for Editor in 1.03 ms, found 1 plugins.
Preloading 0 native plugins for Editor in 0.00 ms.
Mono: successfully reloaded assembly
- Completed reload, in  3.042 seconds
Platform modules already initialized, skipping
Refreshing native plugins compatible for Editor in 0.75 ms, found 1 plugins.
Preloading 0 native plugins for Editor in 0.00 ms.
Unloading 1807 Unused Serialized files (Serialized files now loaded: 0)
System memory in use before: 88.7 MB.
System memory in use after: 88.7 MB.

Unloading 9 unused Assets to reduce memory usage. Loaded Objects now: 2395.
Total: 3.357900 ms (FindLiveObjects: 0.311400 ms CreateObjectMapping: 0.114400 ms MarkObjects: 2.822100 ms  DeleteObjects: 0.108400 ms)

========================================================================
Received Import Request.
  Time since last request: 408.939619 seconds.
  path: Assets/Scripts/Spikes.cs
  artifactKey: Guid(680a4e533fc59e149a44766fda9c47b6) Importer(815301076,1909f56bfc062723c751e8b465ee728b)
Start importing Assets/Scripts/Spikes.cs using Guid(680a4e533fc59e149a44766fda9c47b6) Importer(815301076,1909f56bfc062723c751e8b465ee728b)  -> (artifact id: '62f47d6094c223e03c4aef6a29ad2087') in 0.009192 seconds
  Import took 0.014721 seconds .

========================================================================
Received Import Request.
  Time since last request: 8.614034 seconds.
  path: Assets/Hit_Hurt.wav
  artifactKey: Guid(5841333c7474d3c4ca66d275c0b5001d) Importer(815301076,1909f56bfc062723c751e8b465ee728b)
Start importing Assets/Hit_Hurt.wav using Guid(5841333c7474d3c4ca66d275c0b5001d) Importer(815301076,1909f56bfc062723c751e8b465ee728b)  -> (artifact id: 'b0bf8baad053a646df8c9d6625899744') in 0.129273 seconds
  Import took 0.137152 seconds .

========================================================================
Received Prepare
Registering precompiled user dll's ...
Registered in 0.002037 seconds.
Begin MonoManager ReloadAssembly
Native extension for WindowsStandalone target not found
Native extension for OSXStandalone target not found
Native extension for WebGL target not found
Refreshing native plugins compatible for Editor in 1.03 ms, found 1 plugins.
Preloading 0 native plugins for Editor in 0.00 ms.
Mono: successfully reloaded assembly
- Completed reload, in  3.859 seconds
Platform modules already initialized, skipping
Refreshing native plugins compatible for Editor in 18.91 ms, found 1 plugins.
Preloading 0 native plugins for Editor in 0.00 ms.
Unloading 1807 Unused Serialized files (Serialized files now loaded: 0)
System memory in use before: 88.7 MB.
System memory in use after: 88.7 MB.

Unloading 9 unused Assets to reduce memory usage. Loaded Objects now: 2400.
Total: 13.795200 ms (FindLiveObjects: 3.554800 ms CreateObjectMapping: 1.589100 ms MarkObjects: 8.220200 ms  DeleteObjects: 0.425500 ms)

========================================================================
Received Import Request.
  Time since last request: 88.706633 seconds.
  path: Assets/Scenes/Level06 1.unity
  artifactKey: Guid(bc90f58a4403d29439afb9717a3cecd9) Importer(815301076,1909f56bfc062723c751e8b465ee728b)
Start importing Assets/Scenes/Level06 1.unity using Guid(bc90f58a4403d29439afb9717a3cecd9) Importer(815301076,1909f56bfc062723c751e8b465ee728b)  -> (artifact id: 'f42ed1c15db4727b528802056247bcd2') in 0.032970 seconds
  Import took 0.039073 seconds .

========================================================================
Received Import Request.
  Time since last request: 7.649850 seconds.
  path: Assets/Scenes/Level07.unity
  artifactKey: Guid(bc90f58a4403d29439afb9717a3cecd9) Importer(815301076,1909f56bfc062723c751e8b465ee728b)
Start importing Assets/Scenes/Level07.unity using Guid(bc90f58a4403d29439afb9717a3cecd9) Importer(815301076,1909f56bfc062723c751e8b465ee728b)  -> (artifact id: '47770004e2a6274c852076d8e0a3feab') in 0.030931 seconds
  Import took 0.040971 seconds .

========================================================================
Received Import Request.
  Time since last request: 9.946064 seconds.
  path: Assets/Scenes/Level05.unity
  artifactKey: Guid(7d7051ce41af4bd40b94cd3e3cf1569d) Importer(815301076,1909f56bfc062723c751e8b465ee728b)
Start importing Assets/Scenes/Level05.unity using Guid(7d7051ce41af4bd40b94cd3e3cf1569d) Importer(815301076,1909f56bfc062723c751e8b465ee728b)  -> (artifact id: 'f5b1913501bb18eb3a61f3b612ace1cb') in 0.011552 seconds
  Import took 0.024850 seconds .

========================================================================
Received Prepare
Registering precompiled user dll's ...
Registered in 0.001566 seconds.
Begin MonoManager ReloadAssembly
Native extension for WindowsStandalone target not found
Native extension for OSXStandalone target not found
Native extension for WebGL target not found
Refreshing native plugins compatible for Editor in 1.04 ms, found 1 plugins.
Preloading 0 native plugins for Editor in 0.00 ms.
Mono: successfully reloaded assembly
- Completed reload, in  2.623 seconds
Platform modules already initialized, skipping
Refreshing native plugins compatible for Editor in 0.90 ms, found 1 plugins.
Preloading 0 native plugins for Editor in 0.00 ms.
Unloading 1807 Unused Serialized files (Serialized files now loaded: 0)
System memory in use before: 88.7 MB.
System memory in use after: 88.8 MB.

Unloading 9 unused Assets to reduce memory usage. Loaded Objects now: 2404.
Total: 6.337000 ms (FindLiveObjects: 0.434300 ms CreateObjectMapping: 0.214200 ms MarkObjects: 5.462100 ms  DeleteObjects: 0.222600 ms)

========================================================================
Received Import Request.
  Time since last request: 332.114050 seconds.
  path: Assets/Spikes.png
  artifactKey: Guid(a7f388ba30afb2043a08115e9a830125) Importer(815301076,1909f56bfc062723c751e8b465ee728b)
Start importing Assets/Spikes.png using Guid(a7f388ba30afb2043a08115e9a830125) Importer(815301076,1909f56bfc062723c751e8b465ee728b)  -> (artifact id: 'abd28d2c1f995adc53c4a803cf3b9636') in 0.151010 seconds
  Import took 0.159951 seconds .

========================================================================
Received Import Request.
  Time since last request: 5.200925 seconds.
  path: Assets/Sprites/Character1.png
  artifactKey: Guid(d9ecef5d0a76a06419610f79ec9a5885) Importer(815301076,1909f56bfc062723c751e8b465ee728b)
Start importing Assets/Sprites/Character1.png using Guid(d9ecef5d0a76a06419610f79ec9a5885) Importer(815301076,1909f56bfc062723c751e8b465ee728b)  -> (artifact id: 'd053420618810b8afcd34e500fa8759a') in 0.067403 seconds
  Import took 0.076891 seconds .

========================================================================
Received Import Request.
  Time since last request: 0.000518 seconds.
  path: Assets/Sprites/Rope2-0.png
  artifactKey: Guid(df694f6f9c685fe44ae66cd641ed718d) Importer(815301076,1909f56bfc062723c751e8b465ee728b)
Start importing Assets/Sprites/Rope2-0.png using Guid(df694f6f9c685fe44ae66cd641ed718d) Importer(815301076,1909f56bfc062723c751e8b465ee728b)  -> (artifact id: '18e36a153c7deef0064d24a2851b0a0a') in 0.056382 seconds
  Import took 0.066871 seconds .

========================================================================
Received Import Request.
  Time since last request: 0.000615 seconds.
  path: Assets/Sprites/Rope.png
  artifactKey: Guid(0a8df699339899f4bbf7fef5639fd182) Importer(815301076,1909f56bfc062723c751e8b465ee728b)
Start importing Assets/Sprites/Rope.png using Guid(0a8df699339899f4bbf7fef5639fd182) Importer(815301076,1909f56bfc062723c751e8b465ee728b)  -> (artifact id: '2ba0c9d944f8928d37547e5567a2b0cc') in 0.055259 seconds
  Import took 0.063483 seconds .

========================================================================
Received Import Request.
  Time since last request: 0.000514 seconds.
  path: Assets/Sprites/JustDirt.png
  artifactKey: Guid(32c3d406ed3c5d240b9778f42c50a38a) Importer(815301076,1909f56bfc062723c751e8b465ee728b)
Start importing Assets/Sprites/JustDirt.png using Guid(32c3d406ed3c5d240b9778f42c50a38a) Importer(815301076,1909f56bfc062723c751e8b465ee728b)  -> (artifact id: 'fad77ca1e6bd448460449f1c5c4e62ae') in 0.031068 seconds
  Import took 0.041266 seconds .

========================================================================
Received Import Request.
  Time since last request: 0.000539 seconds.
  path: Assets/Sprites/EndGate.png
  artifactKey: Guid(9de96ad3db2ee8040b8873c8c7275538) Importer(815301076,1909f56bfc062723c751e8b465ee728b)
Start importing Assets/Sprites/EndGate.png using Guid(9de96ad3db2ee8040b8873c8c7275538) Importer(815301076,1909f56bfc062723c751e8b465ee728b)  -> (artifact id: '283ff4e0c9ecf0c955e34bddd29c8ca7') in 0.038183 seconds
  Import took 0.047893 seconds .

========================================================================
Received Import Request.
  Time since last request: 0.000437 seconds.
  path: Assets/Sprites/Character2.png
  artifactKey: Guid(f7a88060c80985f4897a46011a485d69) Importer(815301076,1909f56bfc062723c751e8b465ee728b)
Start importing Assets/Sprites/Character2.png using Guid(f7a88060c80985f4897a46011a485d69) Importer(815301076,1909f56bfc062723c751e8b465ee728b)  -> (artifact id: '36bc070755c277f2a0f20e78bcf051d5') in 0.033090 seconds
  Import took 0.041226 seconds .

========================================================================
Received Import Request.
  Time since last request: 0.000501 seconds.
  path: Assets/Sprites/GrassGround2.png
  artifactKey: Guid(781e9b00dd7dd41428307dafb21fb339) Importer(815301076,1909f56bfc062723c751e8b465ee728b)
Start importing Assets/Sprites/GrassGround2.png using Guid(781e9b00dd7dd41428307dafb21fb339) Importer(815301076,1909f56bfc062723c751e8b465ee728b)  -> (artifact id: '4cc9c64a0d9cc20f0471d972533dcf49') in 0.037339 seconds
  Import took 0.046074 seconds .

========================================================================
Received Import Request.
  Time since last request: 0.000549 seconds.
  path: Assets/Sprites/Grass Ground.png
  artifactKey: Guid(1913422965bab6241a40c16349df7bae) Importer(815301076,1909f56bfc062723c751e8b465ee728b)
Start importing Assets/Sprites/Grass Ground.png using Guid(1913422965bab6241a40c16349df7bae) Importer(815301076,1909f56bfc062723c751e8b465ee728b)  -> (artifact id: '18c17192323a8b26935e4a5d25d69712') in 0.041130 seconds
  Import took 0.050388 seconds .

========================================================================
Received Import Request.
  Time since last request: 23.612635 seconds.
  path: Assets/Sprites/Spikes.png
  artifactKey: Guid(a7f388ba30afb2043a08115e9a830125) Importer(815301076,1909f56bfc062723c751e8b465ee728b)
Start importing Assets/Sprites/Spikes.png using Guid(a7f388ba30afb2043a08115e9a830125) Importer(815301076,1909f56bfc062723c751e8b465ee728b)  -> (artifact id: '9b615d29c573187414445e2c7e5b5555') in 0.040292 seconds
  Import took 0.050406 seconds .

========================================================================
Received Prepare
Registering precompiled user dll's ...
Registered in 0.001945 seconds.
Begin MonoManager ReloadAssembly
Native extension for WindowsStandalone target not found
Native extension for OSXStandalone target not found
Native extension for WebGL target not found
Refreshing native plugins compatible for Editor in 1.06 ms, found 1 plugins.
Preloading 0 native plugins for Editor in 0.00 ms.
Mono: successfully reloaded assembly
- Completed reload, in  2.427 seconds
Platform modules already initialized, skipping
Refreshing native plugins compatible for Editor in 0.93 ms, found 1 plugins.
Preloading 0 native plugins for Editor in 0.00 ms.
Unloading 1807 Unused Serialized files (Serialized files now loaded: 0)
System memory in use before: 88.7 MB.
System memory in use after: 88.8 MB.

Unloading 9 unused Assets to reduce memory usage. Loaded Objects now: 2411.
Total: 4.490800 ms (FindLiveObjects: 0.388300 ms CreateObjectMapping: 0.133400 ms MarkObjects: 3.828000 ms  DeleteObjects: 0.138800 ms)

========================================================================
Received Prepare
Registering precompiled user dll's ...
Registered in 0.001375 seconds.
Begin MonoManager ReloadAssembly
Native extension for WindowsStandalone target not found
Native extension for OSXStandalone target not found
Native extension for WebGL target not found
Refreshing native plugins compatible for Editor in 1.40 ms, found 1 plugins.
Preloading 0 native plugins for Editor in 0.00 ms.
Mono: successfully reloaded assembly
- Completed reload, in  2.547 seconds
Platform modules already initialized, skipping
Refreshing native plugins compatible for Editor in 1.01 ms, found 1 plugins.
Preloading 0 native plugins for Editor in 0.00 ms.
Unloading 1807 Unused Serialized files (Serialized files now loaded: 0)
System memory in use before: 88.7 MB.
System memory in use after: 88.8 MB.

Unloading 9 unused Assets to reduce memory usage. Loaded Objects now: 2415.
Total: 5.695100 ms (FindLiveObjects: 0.456200 ms CreateObjectMapping: 0.194500 ms MarkObjects: 4.875800 ms  DeleteObjects: 0.165500 ms)

========================================================================
Received Prepare
Registering precompiled user dll's ...
Registered in 0.004519 seconds.
Begin MonoManager ReloadAssembly
Native extension for WindowsStandalone target not found
Native extension for OSXStandalone target not found
Native extension for WebGL target not found
Refreshing native plugins compatible for Editor in 0.68 ms, found 1 plugins.
Preloading 0 native plugins for Editor in 0.00 ms.
Mono: successfully reloaded assembly
- Completed reload, in  2.583 seconds
Platform modules already initialized, skipping
Refreshing native plugins compatible for Editor in 0.66 ms, found 1 plugins.
Preloading 0 native plugins for Editor in 0.00 ms.
Unloading 1807 Unused Serialized files (Serialized files now loaded: 0)
System memory in use before: 88.7 MB.
System memory in use after: 88.8 MB.

Unloading 9 unused Assets to reduce memory usage. Loaded Objects now: 2419.
Total: 5.079300 ms (FindLiveObjects: 0.429700 ms CreateObjectMapping: 0.355500 ms MarkObjects: 4.160000 ms  DeleteObjects: 0.130400 ms)

========================================================================
Received Prepare
Registering precompiled user dll's ...
Registered in 0.001445 seconds.
Begin MonoManager ReloadAssembly
Native extension for WindowsStandalone target not found
Native extension for OSXStandalone target not found
Native extension for WebGL target not found
Refreshing native plugins compatible for Editor in 0.69 ms, found 1 plugins.
Preloading 0 native plugins for Editor in 0.00 ms.
Mono: successfully reloaded assembly
- Completed reload, in  2.027 seconds
Platform modules already initialized, skipping
Refreshing native plugins compatible for Editor in 0.71 ms, found 1 plugins.
Preloading 0 native plugins for Editor in 0.00 ms.
Unloading 1807 Unused Serialized files (Serialized files now loaded: 0)
System memory in use before: 88.7 MB.
System memory in use after: 88.8 MB.

Unloading 9 unused Assets to reduce memory usage. Loaded Objects now: 2423.
Total: 3.714100 ms (FindLiveObjects: 0.291200 ms CreateObjectMapping: 0.125300 ms MarkObjects: 3.166800 ms  DeleteObjects: 0.128700 ms)

========================================================================
Received Prepare
Registering precompiled user dll's ...
Registered in 0.003835 seconds.
Begin MonoManager ReloadAssembly
Native extension for WindowsStandalone target not found
Native extension for OSXStandalone target not found
Native extension for WebGL target not found
Refreshing native plugins compatible for Editor in 1.17 ms, found 1 plugins.
Preloading 0 native plugins for Editor in 0.00 ms.
Mono: successfully reloaded assembly
- Completed reload, in  3.724 seconds
Platform modules already initialized, skipping
Refreshing native plugins compatible for Editor in 1.17 ms, found 1 plugins.
Preloading 0 native plugins for Editor in 0.00 ms.
Unloading 1807 Unused Serialized files (Serialized files now loaded: 0)
System memory in use before: 88.8 MB.
System memory in use after: 88.8 MB.

Unloading 9 unused Assets to reduce memory usage. Loaded Objects now: 2427.
Total: 8.992300 ms (FindLiveObjects: 0.804400 ms CreateObjectMapping: 0.312600 ms MarkObjects: 7.640300 ms  DeleteObjects: 0.230700 ms)

========================================================================
Received Prepare
Registering precompiled user dll's ...
Registered in 0.001692 seconds.
Begin MonoManager ReloadAssembly
Native extension for WindowsStandalone target not found
Native extension for OSXStandalone target not found
Native extension for WebGL target not found
Refreshing native plugins compatible for Editor in 1.21 ms, found 1 plugins.
Preloading 0 native plugins for Editor in 0.00 ms.
Mono: successfully reloaded assembly
- Completed reload, in  3.275 seconds
Platform modules already initialized, skipping
Refreshing native plugins compatible for Editor in 0.78 ms, found 1 plugins.
Preloading 0 native plugins for Editor in 0.00 ms.
Unloading 1807 Unused Serialized files (Serialized files now loaded: 0)
System memory in use before: 88.8 MB.
System memory in use after: 88.8 MB.

Unloading 9 unused Assets to reduce memory usage. Loaded Objects now: 2431.
Total: 4.543000 ms (FindLiveObjects: 0.316100 ms CreateObjectMapping: 0.154000 ms MarkObjects: 3.937700 ms  DeleteObjects: 0.133100 ms)

========================================================================
Received Prepare
Registering precompiled user dll's ...
Registered in 0.001005 seconds.
Begin MonoManager ReloadAssembly
Native extension for WindowsStandalone target not found
Native extension for OSXStandalone target not found
Native extension for WebGL target not found
Refreshing native plugins compatible for Editor in 0.41 ms, found 1 plugins.
Preloading 0 native plugins for Editor in 0.00 ms.
Mono: successfully reloaded assembly
- Completed reload, in  1.411 seconds
Platform modules already initialized, skipping
Refreshing native plugins compatible for Editor in 0.36 ms, found 1 plugins.
Preloading 0 native plugins for Editor in 0.00 ms.
Unloading 1807 Unused Serialized files (Serialized files now loaded: 0)
System memory in use before: 88.8 MB.
System memory in use after: 88.8 MB.

Unloading 9 unused Assets to reduce memory usage. Loaded Objects now: 2435.
Total: 2.161300 ms (FindLiveObjects: 0.212600 ms CreateObjectMapping: 0.068200 ms MarkObjects: 1.804300 ms  DeleteObjects: 0.075100 ms)

========================================================================
Received Import Request.
  Time since last request: 813.132796 seconds.
  path: Assets/Prefabs/Players.prefab
  artifactKey: Guid(cb910f9ab6888cc43b4d4de83af78500) Importer(815301076,1909f56bfc062723c751e8b465ee728b)
Start importing Assets/Prefabs/Players.prefab using Guid(cb910f9ab6888cc43b4d4de83af78500) Importer(815301076,1909f56bfc062723c751e8b465ee728b)  -> (artifact id: '7c7ae61411eaad1814cab5448d688cc0') in 0.149003 seconds
  Import took 0.158677 seconds .

========================================================================
Received Import Request.
  Time since last request: 0.000395 seconds.
  path: Assets/Prefabs/SceneController.prefab
  artifactKey: Guid(e5ab09f3138a85441ac3b0370087858b) Importer(815301076,1909f56bfc062723c751e8b465ee728b)
Start importing Assets/Prefabs/SceneController.prefab using Guid(e5ab09f3138a85441ac3b0370087858b) Importer(815301076,1909f56bfc062723c751e8b465ee728b)  -> (artifact id: '5fef64a3a84dcaa8e84d78b46cc688e3') in 0.052567 seconds
  Import took 0.060798 seconds .

========================================================================
Received Prepare
Registering precompiled user dll's ...
Registered in 0.000923 seconds.
Begin MonoManager ReloadAssembly
Native extension for WindowsStandalone target not found
Native extension for OSXStandalone target not found
Native extension for WebGL target not found
Refreshing native plugins compatible for Editor in 0.56 ms, found 1 plugins.
Preloading 0 native plugins for Editor in 0.00 ms.
Mono: successfully reloaded assembly
- Completed reload, in  0.896 seconds
Platform modules already initialized, skipping
Refreshing native plugins compatible for Editor in 0.37 ms, found 1 plugins.
Preloading 0 native plugins for Editor in 0.00 ms.
Unloading 1807 Unused Serialized files (Serialized files now loaded: 0)
System memory in use before: 88.8 MB.
System memory in use after: 88.8 MB.

Unloading 11 unused Assets to reduce memory usage. Loaded Objects now: 2440.
Total: 2.307100 ms (FindLiveObjects: 0.208600 ms CreateObjectMapping: 0.075600 ms MarkObjects: 1.926200 ms  DeleteObjects: 0.095700 ms)

========================================================================
Received Prepare
Registering precompiled user dll's ...
Registered in 0.000896 seconds.
Begin MonoManager ReloadAssembly
Native extension for WindowsStandalone target not found
Native extension for OSXStandalone target not found
Native extension for WebGL target not found
Refreshing native plugins compatible for Editor in 0.39 ms, found 1 plugins.
Preloading 0 native plugins for Editor in 0.00 ms.
Mono: successfully reloaded assembly
- Completed reload, in  0.883 seconds
Platform modules already initialized, skipping
Refreshing native plugins compatible for Editor in 0.35 ms, found 1 plugins.
Preloading 0 native plugins for Editor in 0.00 ms.
Unloading 1807 Unused Serialized files (Serialized files now loaded: 0)
System memory in use before: 88.8 MB.
System memory in use after: 88.9 MB.

Unloading 9 unused Assets to reduce memory usage. Loaded Objects now: 2444.
Total: 2.472300 ms (FindLiveObjects: 0.221600 ms CreateObjectMapping: 0.082200 ms MarkObjects: 2.072500 ms  DeleteObjects: 0.094900 ms)

========================================================================
Received Prepare
Registering precompiled user dll's ...
Registered in 0.000848 seconds.
Begin MonoManager ReloadAssembly
Native extension for WindowsStandalone target not found
Native extension for OSXStandalone target not found
Native extension for WebGL target not found
Refreshing native plugins compatible for Editor in 0.72 ms, found 1 plugins.
Preloading 0 native plugins for Editor in 0.00 ms.
Mono: successfully reloaded assembly
- Completed reload, in  2.039 seconds
Platform modules already initialized, skipping
Refreshing native plugins compatible for Editor in 0.49 ms, found 1 plugins.
Preloading 0 native plugins for Editor in 0.00 ms.
Unloading 1807 Unused Serialized files (Serialized files now loaded: 0)
System memory in use before: 88.8 MB.
System memory in use after: 88.9 MB.

Unloading 9 unused Assets to reduce memory usage. Loaded Objects now: 2448.
Total: 2.471000 ms (FindLiveObjects: 0.236200 ms CreateObjectMapping: 0.073300 ms MarkObjects: 2.089700 ms  DeleteObjects: 0.071000 ms)

========================================================================
Received Import Request.
  Time since last request: 818.263393 seconds.
  path: Assets/Scenes/Level09.unity
  artifactKey: Guid(360eacb9d22f4de488bb96bbb6a9b683) Importer(815301076,1909f56bfc062723c751e8b465ee728b)
Start importing Assets/Scenes/Level09.unity using Guid(360eacb9d22f4de488bb96bbb6a9b683) Importer(815301076,1909f56bfc062723c751e8b465ee728b)  -> (artifact id: '2ca1c527e8769da87f570ad87ba352b1') in 0.028710 seconds
  Import took 0.034621 seconds .

========================================================================
Received Prepare
Registering precompiled user dll's ...
Registered in 0.000941 seconds.
Begin MonoManager ReloadAssembly
Native extension for WindowsStandalone target not found
Native extension for OSXStandalone target not found
Native extension for WebGL target not found
Refreshing native plugins compatible for Editor in 0.69 ms, found 1 plugins.
Preloading 0 native plugins for Editor in 0.00 ms.
Mono: successfully reloaded assembly
- Completed reload, in  1.811 seconds
Platform modules already initialized, skipping
Refreshing native plugins compatible for Editor in 0.70 ms, found 1 plugins.
Preloading 0 native plugins for Editor in 0.00 ms.
Unloading 1807 Unused Serialized files (Serialized files now loaded: 0)
System memory in use before: 88.8 MB.
System memory in use after: 88.9 MB.

Unloading 9 unused Assets to reduce memory usage. Loaded Objects now: 2452.
Total: 2.558600 ms (FindLiveObjects: 0.247800 ms CreateObjectMapping: 0.063800 ms MarkObjects: 2.166600 ms  DeleteObjects: 0.078900 ms)

========================================================================
Received Import Request.
  Time since last request: 206.619902 seconds.
  path: Assets/Scenes/Level09 1.unity
  artifactKey: Guid(82d820cf867166144a29ea7c9c72c96e) Importer(815301076,1909f56bfc062723c751e8b465ee728b)
Start importing Assets/Scenes/Level09 1.unity using Guid(82d820cf867166144a29ea7c9c72c96e) Importer(815301076,1909f56bfc062723c751e8b465ee728b)  -> (artifact id: '9e2de0ce97cf7f02e8fd458f781f3c8b') in 0.021199 seconds
  Import took 0.025161 seconds .

========================================================================
Received Import Request.
  Time since last request: 12.323338 seconds.
  path: Assets/Scenes/EndLevel.unity
  artifactKey: Guid(82d820cf867166144a29ea7c9c72c96e) Importer(815301076,1909f56bfc062723c751e8b465ee728b)
Start importing Assets/Scenes/EndLevel.unity using Guid(82d820cf867166144a29ea7c9c72c96e) Importer(815301076,1909f56bfc062723c751e8b465ee728b)  -> (artifact id: '1f1a48025076add5a9a34da6410ad17e') in 0.009700 seconds
  Import took 0.013612 seconds .

========================================================================
Received Import Request.
  Time since last request: 206.518147 seconds.
  path: Assets/Scenes/Level08.unity
  artifactKey: Guid(9d1e3b2f9e5363c42a2a1852e90d7640) Importer(815301076,1909f56bfc062723c751e8b465ee728b)
Start importing Assets/Scenes/Level08.unity using Guid(9d1e3b2f9e5363c42a2a1852e90d7640) Importer(815301076,1909f56bfc062723c751e8b465ee728b)  -> (artifact id: '806edd6f648d2fe4b876b250a3a86194') in 0.010035 seconds
  Import took 0.014102 seconds .

========================================================================
Received Import Request.
  Time since last request: 0.967660 seconds.
  path: Assets/Scenes/Level07.unity
  artifactKey: Guid(bc90f58a4403d29439afb9717a3cecd9) Importer(815301076,1909f56bfc062723c751e8b465ee728b)
Start importing Assets/Scenes/Level07.unity using Guid(bc90f58a4403d29439afb9717a3cecd9) Importer(815301076,1909f56bfc062723c751e8b465ee728b)  -> (artifact id: 'ef9b088fb759f64e3c4b8db7c26d457f') in 0.003471 seconds
  Import took 0.007725 seconds .

========================================================================
Received Prepare
Refreshing native plugins compatible for Editor in 2.01 ms, found 1 plugins.
Preloading 0 native plugins for Editor in 0.00 ms.
Unloading 7 Unused Serialized files (Serialized files now loaded: 0)
System memory in use before: 53.2 MB.
System memory in use after: 53.3 MB.

Unloading 7 unused Assets to reduce memory usage. Loaded Objects now: 2452.
Total: 4.006400 ms (FindLiveObjects: 0.397100 ms CreateObjectMapping: 0.105100 ms MarkObjects: 3.420000 ms  DeleteObjects: 0.082500 ms)

========================================================================
Received Prepare
Registering precompiled user dll's ...
Registered in 0.000944 seconds.
Begin MonoManager ReloadAssembly
Native extension for WindowsStandalone target not found
Native extension for OSXStandalone target not found
Native extension for WebGL target not found
Refreshing native plugins compatible for Editor in 0.41 ms, found 1 plugins.
Preloading 0 native plugins for Editor in 0.00 ms.
Mono: successfully reloaded assembly
- Completed reload, in  1.195 seconds
Platform modules already initialized, skipping
Refreshing native plugins compatible for Editor in 0.38 ms, found 1 plugins.
Preloading 0 native plugins for Editor in 0.00 ms.
Unloading 1807 Unused Serialized files (Serialized files now loaded: 0)
System memory in use before: 88.8 MB.
System memory in use after: 88.9 MB.

Unloading 9 unused Assets to reduce memory usage. Loaded Objects now: 2456.
Total: 2.199300 ms (FindLiveObjects: 0.292700 ms CreateObjectMapping: 0.096300 ms MarkObjects: 1.735900 ms  DeleteObjects: 0.072900 ms)

========================================================================
Received Prepare
Refreshing native plugins compatible for Editor in 3.10 ms, found 1 plugins.
Preloading 0 native plugins for Editor in 0.00 ms.
Unloading 7 Unused Serialized files (Serialized files now loaded: 0)
System memory in use before: 53.3 MB.
System memory in use after: 53.3 MB.

Unloading 7 unused Assets to reduce memory usage. Loaded Objects now: 2456.
Total: 2.355400 ms (FindLiveObjects: 0.246700 ms CreateObjectMapping: 0.082600 ms MarkObjects: 1.952000 ms  DeleteObjects: 0.072700 ms)

========================================================================
Received Prepare
Refreshing native plugins compatible for Editor in 2.12 ms, found 1 plugins.
Preloading 0 native plugins for Editor in 0.00 ms.
Unloading 7 Unused Serialized files (Serialized files now loaded: 0)
System memory in use before: 53.3 MB.
System memory in use after: 53.3 MB.

Unloading 7 unused Assets to reduce memory usage. Loaded Objects now: 2456.
Total: 3.077000 ms (FindLiveObjects: 0.412000 ms CreateObjectMapping: 0.152800 ms MarkObjects: 2.425300 ms  DeleteObjects: 0.084900 ms)

AssetImportWorkerClient::OnTransportError - code=2 error=End of file
